<?xml version="1.0" encoding="UTF-8"?>
<testsuites name="jest tests" tests="2" failures="0" errors="0" time="3.764">
  <testsuite name="matchPath" errors="0" failures="0" skipped="0" timestamp="2023-03-09T02:11:31" time="3.583" tests="2">
    <testcase classname="matchPath should return true if the test path matches the template path" name="matchPath should return true if the test path matches the template path" time="0.003">
    </testcase>
    <testcase classname="addSearchParams should encode object as stringified url" name="addSearchParams should encode object as stringified url" time="0.001">
    </testcase>
  </testsuite>
</testsuites>